<?xml version="1.0" encoding="UTF-8"?>
<testng-results skipped="0" failed="0" ignored="0" total="1" passed="1">
  <reporter-output>
  </reporter-output>
  <suite name="Default suite" duration-ms="14342" started-at="2017-06-25T06:12:29Z" finished-at="2017-06-25T06:12:43Z">
    <groups>
    </groups>
    <test name="Default test" duration-ms="14342" started-at="2017-06-25T06:12:29Z" finished-at="2017-06-25T06:12:43Z">
      <class name="com.example.objectRepository.Day5">
        <test-method status="PASS" signature="setUp()[pri:0, instance:com.example.objectRepository.Day5@23ceabc1]" name="setUp" is-config="true" duration-ms="4929" started-at="2017-06-25T11:42:29Z" finished-at="2017-06-25T11:42:34Z">
          <reporter-output>
          </reporter-output>
        </test-method> <!-- setUp -->
        <test-method status="PASS" signature="testDay5()[pri:0, instance:com.example.objectRepository.Day5@23ceabc1]" name="testDay5" duration-ms="9022" started-at="2017-06-25T11:42:34Z" finished-at="2017-06-25T11:42:43Z">
          <reporter-output>
          </reporter-output>
        </test-method> <!-- testDay5 -->
        <test-method status="PASS" signature="tearDown()[pri:0, instance:com.example.objectRepository.Day5@23ceabc1]" name="tearDown" is-config="true" duration-ms="383" started-at="2017-06-25T11:42:43Z" finished-at="2017-06-25T11:42:43Z">
          <reporter-output>
          </reporter-output>
        </test-method> <!-- tearDown -->
      </class> <!-- com.example.objectRepository.Day5 -->
    </test> <!-- Default test -->
  </suite> <!-- Default suite -->
</testng-results>
